Info: Starting: Create block symbol file (.bsf)
Info: qsys-generate C:\Users\Ryan\OneDrive\Fall_2024\Reconfigurable\Labs\Lab8\my_ADC.qsys --block-symbol-file --output-directory=C:\Users\Ryan\OneDrive\Fall_2024\Reconfigurable\Labs\Lab8\my_ADC --family="MAX 10" --part=10M50DAF484C7G
Progress: Loading Lab8/my_ADC.qsys
Progress: Reading input file
Progress: Adding modular_adc_0 [altera_modular_adc 23.1]
Progress: Parameterizing module modular_adc_0
Progress: Building connections
Progress: Parameterizing connections
Progress: Validating
Progress: Done reading input file
Info: qsys-generate succeeded.
Info: Finished: Create block symbol file (.bsf)
Info: 
Info: Starting: Create HDL design files for synthesis
Info: qsys-generate C:\Users\Ryan\OneDrive\Fall_2024\Reconfigurable\Labs\Lab8\my_ADC.qsys --synthesis=VHDL --output-directory=C:\Users\Ryan\OneDrive\Fall_2024\Reconfigurable\Labs\Lab8\my_ADC\synthesis --family="MAX 10" --part=10M50DAF484C7G
Progress: Loading Lab8/my_ADC.qsys
Progress: Reading input file
Progress: Adding modular_adc_0 [altera_modular_adc 23.1]
Progress: Parameterizing module modular_adc_0
Progress: Building connections
Progress: Parameterizing connections
Progress: Validating
Progress: Done reading input file
Info: my_ADC: Generating my_ADC "my_ADC" for QUARTUS_SYNTH
Info: modular_adc_0: "my_ADC" instantiated altera_modular_adc "modular_adc_0"
Info: control_internal: "modular_adc_0" instantiated altera_modular_adc_control "control_internal"
Info: my_ADC: Done "my_ADC" with 3 modules, 9 files
Info: qsys-generate succeeded.
Info: Finished: Create HDL design files for synthesis
