Info: Start Nativelink Simulation process
Info: NativeLink has detected VHDL design -- VHDL simulation models will be used

========= EDA Simulation Settings =====================

Sim Mode              :  RTL
Family                :  max10
Quartus root          :  /media/ryan/Data_Drive/QuartusPrime/quartus/linux64/
Quartus sim root      :  /media/ryan/Data_Drive/QuartusPrime/quartus/eda/sim_lib
Simulation Tool       :  questa intel fpga
Simulation Language   :  vhdl
Version               :  93
Simulation Mode       :  GUI
Sim Output File       :  
Sim SDF file          :  
Sim dir               :  simulation/questa

=======================================================

Info: Starting NativeLink simulation with Questa Intel FPGA software
Sourced NativeLink script /media/ryan/Data_Drive/QuartusPrime/quartus/common/tcl/internal/nativelink/modelsim.tcl
Warning: File bit_counter_run_msim_rtl_vhdl.do already exists - backing up current file as bit_counter_run_msim_rtl_vhdl.do.bak
Info: Spawning Questa Intel FPGA Simulation software 
Info: NativeLink simulation flow was successful
